<?xml version="1.0" encoding="UTF-8"?>
<testsuite name="domain.model.LocationModelTest" tests="4" skipped="0" failures="0" errors="0" timestamp="2025-11-18T23:19:30.961Z" hostname="NMEDINAA" time="0.014">
  <properties/>
  <testcase name="constructor_ValidParameters_Success()" classname="domain.model.LocationModelTest" time="0.002"/>
  <testcase name="constructor_DescriptionTooLong_ThrowsException()" classname="domain.model.LocationModelTest" time="0.002"/>
  <testcase name="constructor_CityTooLong_ThrowsException()" classname="domain.model.LocationModelTest" time="0.002"/>
  <testcase name="constructor_DepartmentTooLong_ThrowsException()" classname="domain.model.LocationModelTest" time="0.004"/>
  <system-out><![CDATA[]]></system-out>
  <system-err><![CDATA[]]></system-err>
</testsuite>
