<?xml version="1.0" encoding="UTF-8"?>
<testsuite name="application.services.impl.CategoryServiceImplTest" tests="2" skipped="0" failures="0" errors="0" timestamp="2025-11-18T23:19:24.987Z" hostname="NMEDINAA" time="5.633">
  <properties/>
  <testcase name="shouldGetCategoriesSuccessfully()" classname="application.services.impl.CategoryServiceImplTest" time="5.614"/>
  <testcase name="shouldSaveCategorySuccessfully()" classname="application.services.impl.CategoryServiceImplTest" time="0.017"/>
  <system-out><![CDATA[]]></system-out>
  <system-err><![CDATA[]]></system-err>
</testsuite>
