<?xml version="1.0" encoding="UTF-8"?>
<testsuite name="domain.usecases.LocationUseCaseTest" tests="2" skipped="0" failures="0" errors="0" timestamp="2025-11-18T23:19:31.220Z" hostname="NMEDINAA" time="0.131">
  <properties/>
  <testcase name="save_ExistingLocation_ThrowsException()" classname="domain.usecases.LocationUseCaseTest" time="0.121"/>
  <testcase name="save_NewLocation_Success()" classname="domain.usecases.LocationUseCaseTest" time="0.008"/>
  <system-out><![CDATA[]]></system-out>
  <system-err><![CDATA[]]></system-err>
</testsuite>
