<?xml version="1.0" encoding="UTF-8"?>
<testsuite name="domain.usecases.CategoryUseCaseTest" tests="6" skipped="0" failures="0" errors="0" timestamp="2025-11-18T23:19:30.986Z" hostname="NMEDINAA" time="0.222">
  <properties/>
  <testcase name="shouldGetCategoriesSuccessfully()" classname="domain.usecases.CategoryUseCaseTest" time="0.133"/>
  <testcase name="shouldThrowPageSizeLessThanOneWhenSizeIsZero()" classname="domain.usecases.CategoryUseCaseTest" time="0.042"/>
  <testcase name="shouldThrowExceptionWhenCategoryExists()" classname="domain.usecases.CategoryUseCaseTest" time="0.015"/>
  <testcase name="shouldThrowPageSizeLessThanOneWhenSizeIsNegative()" classname="domain.usecases.CategoryUseCaseTest" time="0.008"/>
  <testcase name="shouldSaveNewCategorySuccessfully()" classname="domain.usecases.CategoryUseCaseTest" time="0.008"/>
  <testcase name="shouldThrowPageNumberLessThanZeroWhenPageIsNegative()" classname="domain.usecases.CategoryUseCaseTest" time="0.008"/>
  <system-out><![CDATA[]]></system-out>
  <system-err><![CDATA[]]></system-err>
</testsuite>
